<?xml version="1.0" encoding="utf-8"?><testsuites><testsuite errors="0" failures="0" hostname="CRISTIANO" name="pytest" skipped="0" tests="7" time="2.373" timestamp="2020-08-03T22:35:39.838944"><testcase classname="test_submit" file="test_submit.py" line="3" name="test_q1" time="0.001"></testcase><testcase classname="test_submit" file="test_submit.py" line="11" name="test_q2" time="0.004"></testcase><testcase classname="test_submit" file="test_submit.py" line="16" name="test_q3" time="0.002"></testcase><testcase classname="test_submit" file="test_submit.py" line="21" name="test_q4" time="0.007"></testcase><testcase classname="test_submit" file="test_submit.py" line="26" name="test_q5" time="0.002"></testcase><testcase classname="test_submit" file="test_submit.py" line="34" name="test_q6" time="0.260"></testcase><testcase classname="test_submit" file="test_submit.py" line="39" name="test_q7" time="0.277"></testcase></testsuite></testsuites>